2018-07-04 17:44:08,753 - Log4JLogChute initialized using file 'velocity.log'
2018-07-04 17:44:08,753 - Initializing Velocity, Calling init()...
2018-07-04 17:44:08,753 - Starting Apache Velocity v1.7 (compiled: 2010-11-19 12:14:37)
2018-07-04 17:44:08,753 - Default Properties File: org\apache\velocity\runtime\defaults\velocity.properties
2018-07-04 17:44:08,754 - Trying to use logger class org.apache.velocity.runtime.log.AvalonLogChute
2018-07-04 17:44:08,754 - Target log system for org.apache.velocity.runtime.log.AvalonLogChute is not available (java.lang.NoClassDefFoundError: org/apache/log/format/Formatter).  Falling back to next log system...
2018-07-04 17:44:08,754 - Trying to use logger class org.apache.velocity.runtime.log.Log4JLogChute
2018-07-04 17:44:08,754 - Using logger class org.apache.velocity.runtime.log.Log4JLogChute
2018-07-04 17:44:08,757 - ResourceLoader instantiated: org.apache.velocity.runtime.resource.loader.ClasspathResourceLoader
2018-07-04 17:44:08,770 - ResourceCache: initialized (class org.apache.velocity.runtime.resource.ResourceCacheImpl) with class java.util.Collections$SynchronizedMap cache map.
2018-07-04 17:44:08,772 - Loaded System Directive: org.apache.velocity.runtime.directive.Stop
2018-07-04 17:44:08,776 - Loaded System Directive: org.apache.velocity.runtime.directive.Define
2018-07-04 17:44:08,777 - Loaded System Directive: org.apache.velocity.runtime.directive.Break
2018-07-04 17:44:08,778 - Loaded System Directive: org.apache.velocity.runtime.directive.Evaluate
2018-07-04 17:44:08,778 - Loaded System Directive: org.apache.velocity.runtime.directive.Literal
2018-07-04 17:44:08,779 - Loaded System Directive: org.apache.velocity.runtime.directive.Macro
2018-07-04 17:44:08,782 - Loaded System Directive: org.apache.velocity.runtime.directive.Parse
2018-07-04 17:44:08,784 - Loaded System Directive: org.apache.velocity.runtime.directive.Include
2018-07-04 17:44:08,786 - Loaded System Directive: org.apache.velocity.runtime.directive.Foreach
2018-07-04 17:44:08,865 - Created '20' parsers.
2018-07-04 17:44:08,877 - Velocimacro : "velocimacro.library" is not set.  Trying default library: VM_global_library.vm
2018-07-04 17:44:08,878 - Could not load resource 'VM_global_library.vm' from ResourceLoader org.apache.velocity.runtime.resource.loader.ClasspathResourceLoader: ClasspathResourceLoader Error: cannot find resource VM_global_library.vm
2018-07-04 17:44:08,878 - Velocimacro : Default library not found.
2018-07-04 17:44:08,878 - Velocimacro : allowInline = true : VMs can be defined inline in templates
2018-07-04 17:44:08,878 - Velocimacro : allowInlineToOverride = false : VMs defined inline may NOT replace previous VM definitions
2018-07-04 17:44:08,878 - Velocimacro : allowInlineLocal = false : VMs defined inline will be global in scope if allowed.
2018-07-04 17:44:08,878 - Velocimacro : autoload off : VM system will not automatically reload global library macros
2018-07-04 17:44:08,921 - ResourceManager : found templates/mybatis-generator-config.vm with loader org.apache.velocity.runtime.resource.loader.ClasspathResourceLoader
2018-07-04 17:51:40,371 - Log4JLogChute initialized using file 'velocity.log'
2018-07-04 17:51:40,372 - Initializing Velocity, Calling init()...
2018-07-04 17:51:40,372 - Starting Apache Velocity v1.7 (compiled: 2010-11-19 12:14:37)
2018-07-04 17:51:40,372 - Default Properties File: org\apache\velocity\runtime\defaults\velocity.properties
2018-07-04 17:51:40,372 - Trying to use logger class org.apache.velocity.runtime.log.AvalonLogChute
2018-07-04 17:51:40,372 - Target log system for org.apache.velocity.runtime.log.AvalonLogChute is not available (java.lang.NoClassDefFoundError: org/apache/log/format/Formatter).  Falling back to next log system...
2018-07-04 17:51:40,372 - Trying to use logger class org.apache.velocity.runtime.log.Log4JLogChute
2018-07-04 17:51:40,372 - Using logger class org.apache.velocity.runtime.log.Log4JLogChute
2018-07-04 17:51:40,378 - ResourceLoader instantiated: org.apache.velocity.runtime.resource.loader.ClasspathResourceLoader
2018-07-04 17:51:40,402 - ResourceCache: initialized (class org.apache.velocity.runtime.resource.ResourceCacheImpl) with class java.util.Collections$SynchronizedMap cache map.
2018-07-04 17:51:40,418 - Loaded System Directive: org.apache.velocity.runtime.directive.Stop
2018-07-04 17:51:40,421 - Loaded System Directive: org.apache.velocity.runtime.directive.Define
2018-07-04 17:51:40,422 - Loaded System Directive: org.apache.velocity.runtime.directive.Break
2018-07-04 17:51:40,423 - Loaded System Directive: org.apache.velocity.runtime.directive.Evaluate
2018-07-04 17:51:40,426 - Loaded System Directive: org.apache.velocity.runtime.directive.Literal
2018-07-04 17:51:40,429 - Loaded System Directive: org.apache.velocity.runtime.directive.Macro
2018-07-04 17:51:40,435 - Loaded System Directive: org.apache.velocity.runtime.directive.Parse
2018-07-04 17:51:40,444 - Loaded System Directive: org.apache.velocity.runtime.directive.Include
2018-07-04 17:51:40,446 - Loaded System Directive: org.apache.velocity.runtime.directive.Foreach
2018-07-04 17:51:40,539 - Created '20' parsers.
2018-07-04 17:51:40,550 - Velocimacro : "velocimacro.library" is not set.  Trying default library: VM_global_library.vm
2018-07-04 17:51:40,551 - Could not load resource 'VM_global_library.vm' from ResourceLoader org.apache.velocity.runtime.resource.loader.ClasspathResourceLoader: ClasspathResourceLoader Error: cannot find resource VM_global_library.vm
2018-07-04 17:51:40,551 - Velocimacro : Default library not found.
2018-07-04 17:51:40,551 - Velocimacro : allowInline = true : VMs can be defined inline in templates
2018-07-04 17:51:40,551 - Velocimacro : allowInlineToOverride = false : VMs defined inline may NOT replace previous VM definitions
2018-07-04 17:51:40,551 - Velocimacro : allowInlineLocal = false : VMs defined inline will be global in scope if allowed.
2018-07-04 17:51:40,551 - Velocimacro : autoload off : VM system will not automatically reload global library macros
2018-07-04 17:51:40,572 - ResourceManager : found templates/mybatis-generator-config.vm with loader org.apache.velocity.runtime.resource.loader.ClasspathResourceLoader
2018-07-04 17:56:22,691 - Log4JLogChute initialized using file 'velocity.log'
2018-07-04 17:56:22,691 - Initializing Velocity, Calling init()...
2018-07-04 17:56:22,691 - Starting Apache Velocity v1.7 (compiled: 2010-11-19 12:14:37)
2018-07-04 17:56:22,691 - Default Properties File: org\apache\velocity\runtime\defaults\velocity.properties
2018-07-04 17:56:22,691 - Trying to use logger class org.apache.velocity.runtime.log.AvalonLogChute
2018-07-04 17:56:22,692 - Target log system for org.apache.velocity.runtime.log.AvalonLogChute is not available (java.lang.NoClassDefFoundError: org/apache/log/format/Formatter).  Falling back to next log system...
2018-07-04 17:56:22,692 - Trying to use logger class org.apache.velocity.runtime.log.Log4JLogChute
2018-07-04 17:56:22,692 - Using logger class org.apache.velocity.runtime.log.Log4JLogChute
2018-07-04 17:56:22,722 - ResourceLoader instantiated: org.apache.velocity.runtime.resource.loader.ClasspathResourceLoader
2018-07-04 17:56:22,760 - ResourceCache: initialized (class org.apache.velocity.runtime.resource.ResourceCacheImpl) with class java.util.Collections$SynchronizedMap cache map.
2018-07-04 17:56:22,763 - Loaded System Directive: org.apache.velocity.runtime.directive.Stop
2018-07-04 17:56:22,765 - Loaded System Directive: org.apache.velocity.runtime.directive.Define
2018-07-04 17:56:22,766 - Loaded System Directive: org.apache.velocity.runtime.directive.Break
2018-07-04 17:56:22,767 - Loaded System Directive: org.apache.velocity.runtime.directive.Evaluate
2018-07-04 17:56:22,768 - Loaded System Directive: org.apache.velocity.runtime.directive.Literal
2018-07-04 17:56:22,771 - Loaded System Directive: org.apache.velocity.runtime.directive.Macro
2018-07-04 17:56:22,774 - Loaded System Directive: org.apache.velocity.runtime.directive.Parse
2018-07-04 17:56:22,778 - Loaded System Directive: org.apache.velocity.runtime.directive.Include
2018-07-04 17:56:22,779 - Loaded System Directive: org.apache.velocity.runtime.directive.Foreach
2018-07-04 17:56:22,843 - Created '20' parsers.
2018-07-04 17:56:22,853 - Velocimacro : "velocimacro.library" is not set.  Trying default library: VM_global_library.vm
2018-07-04 17:56:22,853 - Could not load resource 'VM_global_library.vm' from ResourceLoader org.apache.velocity.runtime.resource.loader.ClasspathResourceLoader: ClasspathResourceLoader Error: cannot find resource VM_global_library.vm
2018-07-04 17:56:22,854 - Velocimacro : Default library not found.
2018-07-04 17:56:22,854 - Velocimacro : allowInline = true : VMs can be defined inline in templates
2018-07-04 17:56:22,854 - Velocimacro : allowInlineToOverride = false : VMs defined inline may NOT replace previous VM definitions
2018-07-04 17:56:22,854 - Velocimacro : allowInlineLocal = false : VMs defined inline will be global in scope if allowed.
2018-07-04 17:56:22,854 - Velocimacro : autoload off : VM system will not automatically reload global library macros
2018-07-04 17:56:22,876 - ResourceManager : found templates/mybatis-generator-config.vm with loader org.apache.velocity.runtime.resource.loader.ClasspathResourceLoader
2018-07-04 18:38:52,905 - Log4JLogChute initialized using file 'velocity.log'
2018-07-04 18:38:52,905 - Initializing Velocity, Calling init()...
2018-07-04 18:38:52,905 - Starting Apache Velocity v1.7 (compiled: 2010-11-19 12:14:37)
2018-07-04 18:38:52,905 - Default Properties File: org\apache\velocity\runtime\defaults\velocity.properties
2018-07-04 18:38:52,905 - Trying to use logger class org.apache.velocity.runtime.log.AvalonLogChute
2018-07-04 18:38:52,905 - Target log system for org.apache.velocity.runtime.log.AvalonLogChute is not available (java.lang.NoClassDefFoundError: org/apache/log/format/Formatter).  Falling back to next log system...
2018-07-04 18:38:52,906 - Trying to use logger class org.apache.velocity.runtime.log.Log4JLogChute
2018-07-04 18:38:52,906 - Using logger class org.apache.velocity.runtime.log.Log4JLogChute
2018-07-04 18:38:52,983 - ResourceLoader instantiated: org.apache.velocity.runtime.resource.loader.ClasspathResourceLoader
2018-07-04 18:38:53,023 - ResourceCache: initialized (class org.apache.velocity.runtime.resource.ResourceCacheImpl) with class java.util.Collections$SynchronizedMap cache map.
2018-07-04 18:38:53,038 - Loaded System Directive: org.apache.velocity.runtime.directive.Stop
2018-07-04 18:38:53,041 - Loaded System Directive: org.apache.velocity.runtime.directive.Define
2018-07-04 18:38:53,046 - Loaded System Directive: org.apache.velocity.runtime.directive.Break
2018-07-04 18:38:53,047 - Loaded System Directive: org.apache.velocity.runtime.directive.Evaluate
2018-07-04 18:38:53,051 - Loaded System Directive: org.apache.velocity.runtime.directive.Literal
2018-07-04 18:38:53,054 - Loaded System Directive: org.apache.velocity.runtime.directive.Macro
2018-07-04 18:38:53,056 - Loaded System Directive: org.apache.velocity.runtime.directive.Parse
2018-07-04 18:38:53,058 - Loaded System Directive: org.apache.velocity.runtime.directive.Include
2018-07-04 18:38:53,060 - Loaded System Directive: org.apache.velocity.runtime.directive.Foreach
2018-07-04 18:38:53,131 - Created '20' parsers.
2018-07-04 18:38:53,157 - Velocimacro : "velocimacro.library" is not set.  Trying default library: VM_global_library.vm
2018-07-04 18:38:53,161 - Could not load resource 'VM_global_library.vm' from ResourceLoader org.apache.velocity.runtime.resource.loader.ClasspathResourceLoader: ClasspathResourceLoader Error: cannot find resource VM_global_library.vm
2018-07-04 18:38:53,161 - Velocimacro : Default library not found.
2018-07-04 18:38:53,161 - Velocimacro : allowInline = true : VMs can be defined inline in templates
2018-07-04 18:38:53,161 - Velocimacro : allowInlineToOverride = false : VMs defined inline may NOT replace previous VM definitions
2018-07-04 18:38:53,161 - Velocimacro : allowInlineLocal = false : VMs defined inline will be global in scope if allowed.
2018-07-04 18:38:53,161 - Velocimacro : autoload off : VM system will not automatically reload global library macros
2018-07-04 18:38:53,209 - ResourceManager : found templates/mybatis-generator-config.vm with loader org.apache.velocity.runtime.resource.loader.ClasspathResourceLoader
2018-07-04 19:26:10,113 - Log4JLogChute initialized using file 'velocity.log'
2018-07-04 19:26:10,114 - Initializing Velocity, Calling init()...
2018-07-04 19:26:10,114 - Starting Apache Velocity v1.7 (compiled: 2010-11-19 12:14:37)
2018-07-04 19:26:10,114 - Default Properties File: org\apache\velocity\runtime\defaults\velocity.properties
2018-07-04 19:26:10,115 - Trying to use logger class org.apache.velocity.runtime.log.AvalonLogChute
2018-07-04 19:26:10,115 - Target log system for org.apache.velocity.runtime.log.AvalonLogChute is not available (java.lang.NoClassDefFoundError: org/apache/log/format/Formatter).  Falling back to next log system...
2018-07-04 19:26:10,115 - Trying to use logger class org.apache.velocity.runtime.log.Log4JLogChute
2018-07-04 19:26:10,115 - Using logger class org.apache.velocity.runtime.log.Log4JLogChute
2018-07-04 19:26:10,125 - ResourceLoader instantiated: org.apache.velocity.runtime.resource.loader.ClasspathResourceLoader
2018-07-04 19:26:10,162 - ResourceCache: initialized (class org.apache.velocity.runtime.resource.ResourceCacheImpl) with class java.util.Collections$SynchronizedMap cache map.
2018-07-04 19:26:10,166 - Loaded System Directive: org.apache.velocity.runtime.directive.Stop
2018-07-04 19:26:10,168 - Loaded System Directive: org.apache.velocity.runtime.directive.Define
2018-07-04 19:26:10,169 - Loaded System Directive: org.apache.velocity.runtime.directive.Break
2018-07-04 19:26:10,173 - Loaded System Directive: org.apache.velocity.runtime.directive.Evaluate
2018-07-04 19:26:10,174 - Loaded System Directive: org.apache.velocity.runtime.directive.Literal
2018-07-04 19:26:10,176 - Loaded System Directive: org.apache.velocity.runtime.directive.Macro
2018-07-04 19:26:10,178 - Loaded System Directive: org.apache.velocity.runtime.directive.Parse
2018-07-04 19:26:10,180 - Loaded System Directive: org.apache.velocity.runtime.directive.Include
2018-07-04 19:26:10,182 - Loaded System Directive: org.apache.velocity.runtime.directive.Foreach
2018-07-04 19:26:10,268 - Created '20' parsers.
2018-07-04 19:26:10,278 - Velocimacro : "velocimacro.library" is not set.  Trying default library: VM_global_library.vm
2018-07-04 19:26:10,279 - Could not load resource 'VM_global_library.vm' from ResourceLoader org.apache.velocity.runtime.resource.loader.ClasspathResourceLoader: ClasspathResourceLoader Error: cannot find resource VM_global_library.vm
2018-07-04 19:26:10,279 - Velocimacro : Default library not found.
2018-07-04 19:26:10,279 - Velocimacro : allowInline = true : VMs can be defined inline in templates
2018-07-04 19:26:10,279 - Velocimacro : allowInlineToOverride = false : VMs defined inline may NOT replace previous VM definitions
2018-07-04 19:26:10,279 - Velocimacro : allowInlineLocal = false : VMs defined inline will be global in scope if allowed.
2018-07-04 19:26:10,279 - Velocimacro : autoload off : VM system will not automatically reload global library macros
2018-07-04 19:26:10,309 - ResourceManager : found templates/mybatis-generator-config.vm with loader org.apache.velocity.runtime.resource.loader.ClasspathResourceLoader
